<?xml version="1.0" encoding="UTF-8"?>
<coverage generated="1727880180612" clover="3.2.0">
  <project timestamp="1727880180612" name="All files">
    <metrics statements="200" coveredstatements="200" conditionals="55" coveredconditionals="55" methods="53" coveredmethods="53" elements="308" coveredelements="308" complexity="0" loc="200" ncloc="200" packages="4" files="15" classes="15"/>
    <package name="components">
      <metrics statements="110" coveredstatements="110" conditionals="35" coveredconditionals="35" methods="33" coveredmethods="33"/>
      <file name="AddUpdateForm.jsx" path="C:\Users\pgliszcz\OneDrive - Automatic Data Processing Inc\Dokumenty\graduate-program\frontend-react-app\react\src\components\AddUpdateForm.jsx">
        <metrics statements="11" coveredstatements="11" conditionals="6" coveredconditionals="6" methods="6" coveredmethods="6"/>
        <line num="8" count="2" type="stmt"/>
        <line num="10" count="10" type="stmt"/>
        <line num="11" count="10" type="stmt"/>
        <line num="13" count="10" type="stmt"/>
        <line num="14" count="3" type="stmt"/>
        <line num="22" count="10" type="stmt"/>
        <line num="23" count="6" type="stmt"/>
        <line num="26" count="10" type="stmt"/>
        <line num="31" count="1" type="stmt"/>
        <line num="39" count="1" type="stmt"/>
        <line num="46" count="1" type="stmt"/>
      </file>
      <file name="AddUpdateFormTitle.jsx" path="C:\Users\pgliszcz\OneDrive - Automatic Data Processing Inc\Dokumenty\graduate-program\frontend-react-app\react\src\components\AddUpdateFormTitle.jsx">
        <metrics statements="5" coveredstatements="5" conditionals="2" coveredconditionals="2" methods="2" coveredmethods="2"/>
        <line num="5" count="3" type="stmt"/>
        <line num="7" count="11" type="stmt"/>
        <line num="9" count="11" type="stmt"/>
        <line num="10" count="11" type="cond" truecount="2" falsecount="0"/>
        <line num="13" count="11" type="stmt"/>
      </file>
      <file name="CustomerList.jsx" path="C:\Users\pgliszcz\OneDrive - Automatic Data Processing Inc\Dokumenty\graduate-program\frontend-react-app\react\src\components\CustomerList.jsx">
        <metrics statements="2" coveredstatements="2" conditionals="0" coveredconditionals="0" methods="1" coveredmethods="1"/>
        <line num="7" count="1" type="stmt"/>
        <line num="8" count="4" type="stmt"/>
      </file>
      <file name="CustomerListTitle.jsx" path="C:\Users\pgliszcz\OneDrive - Automatic Data Processing Inc\Dokumenty\graduate-program\frontend-react-app\react\src\components\CustomerListTitle.jsx">
        <metrics statements="2" coveredstatements="2" conditionals="0" coveredconditionals="0" methods="1" coveredmethods="1"/>
        <line num="4" count="2" type="stmt"/>
        <line num="5" count="5" type="stmt"/>
      </file>
      <file name="CustomerTable.jsx" path="C:\Users\pgliszcz\OneDrive - Automatic Data Processing Inc\Dokumenty\graduate-program\frontend-react-app\react\src\components\CustomerTable.jsx">
        <metrics statements="16" coveredstatements="16" conditionals="4" coveredconditionals="4" methods="6" coveredmethods="6"/>
        <line num="6" count="2" type="stmt"/>
        <line num="8" count="10" type="stmt"/>
        <line num="9" count="10" type="stmt"/>
        <line num="11" count="10" type="stmt"/>
        <line num="12" count="4" type="cond" truecount="2" falsecount="0"/>
        <line num="13" count="1" type="stmt"/>
        <line num="14" count="1" type="stmt"/>
        <line num="16" count="3" type="stmt"/>
        <line num="19" count="10" type="stmt"/>
        <line num="20" count="10" type="cond" truecount="2" falsecount="0"/>
        <line num="21" count="8" type="stmt"/>
        <line num="23" count="2" type="stmt"/>
        <line num="26" count="10" type="stmt"/>
        <line num="27" count="10" type="stmt"/>
        <line num="30" count="10" type="stmt"/>
        <line num="42" count="10" type="stmt"/>
      </file>
      <file name="FormButtons.jsx" path="C:\Users\pgliszcz\OneDrive - Automatic Data Processing Inc\Dokumenty\graduate-program\frontend-react-app\react\src\components\FormButtons.jsx">
        <metrics statements="30" coveredstatements="30" conditionals="11" coveredconditionals="11" methods="5" coveredmethods="5"/>
        <line num="8" count="3" type="stmt"/>
        <line num="10" count="17" type="stmt"/>
        <line num="11" count="17" type="stmt"/>
        <line num="12" count="17" type="stmt"/>
        <line num="13" count="17" type="stmt"/>
        <line num="15" count="17" type="stmt"/>
        <line num="16" count="3" type="cond" truecount="3" falsecount="0"/>
        <line num="21" count="17" type="stmt"/>
        <line num="22" count="2" type="cond" truecount="2" falsecount="0"/>
        <line num="23" count="1" type="stmt"/>
        <line num="24" count="1" type="stmt"/>
        <line num="25" count="1" type="stmt"/>
        <line num="29" count="17" type="stmt"/>
        <line num="30" count="3" type="cond" truecount="2" falsecount="0"/>
        <line num="31" count="1" type="stmt"/>
        <line num="34" count="2" type="cond" truecount="2" falsecount="0"/>
        <line num="35" count="1" type="stmt"/>
        <line num="36" count="1" type="stmt"/>
        <line num="38" count="1" type="stmt"/>
        <line num="39" count="1" type="stmt"/>
        <line num="40" count="1" type="stmt"/>
        <line num="41" count="1" type="stmt"/>
        <line num="44" count="1" type="stmt"/>
        <line num="45" count="1" type="stmt"/>
        <line num="46" count="1" type="stmt"/>
        <line num="49" count="17" type="stmt"/>
        <line num="50" count="3" type="cond" truecount="2" falsecount="0"/>
        <line num="51" count="2" type="stmt"/>
        <line num="53" count="3" type="stmt"/>
        <line num="56" count="17" type="stmt"/>
      </file>
      <file name="Heading.jsx" path="C:\Users\pgliszcz\OneDrive - Automatic Data Processing Inc\Dokumenty\graduate-program\frontend-react-app\react\src\components\Heading.jsx">
        <metrics statements="8" coveredstatements="8" conditionals="4" coveredconditionals="4" methods="3" coveredmethods="3"/>
        <line num="7" count="1" type="stmt"/>
        <line num="9" count="4" type="stmt"/>
        <line num="10" count="4" type="stmt"/>
        <line num="12" count="4" type="stmt"/>
        <line num="13" count="4" type="cond" truecount="2" falsecount="0"/>
        <line num="16" count="4" type="stmt"/>
        <line num="17" count="4" type="cond" truecount="2" falsecount="0"/>
        <line num="22" count="4" type="stmt"/>
      </file>
      <file name="LoginForm.jsx" path="C:\Users\pgliszcz\OneDrive - Automatic Data Processing Inc\Dokumenty\graduate-program\frontend-react-app\react\src\components\LoginForm.jsx">
        <metrics statements="25" coveredstatements="25" conditionals="6" coveredconditionals="6" methods="6" coveredmethods="6"/>
        <line num="6" count="2" type="stmt"/>
        <line num="8" count="14" type="stmt"/>
        <line num="9" count="14" type="stmt"/>
        <line num="10" count="14" type="stmt"/>
        <line num="11" count="14" type="stmt"/>
        <line num="12" count="14" type="stmt"/>
        <line num="14" count="14" type="stmt"/>
        <line num="15" count="3" type="stmt"/>
        <line num="16" count="3" type="stmt"/>
        <line num="19" count="14" type="stmt"/>
        <line num="20" count="8" type="cond" truecount="2" falsecount="0"/>
        <line num="22" count="4" type="stmt"/>
        <line num="23" count="4" type="stmt"/>
        <line num="25" count="4" type="stmt"/>
        <line num="26" count="4" type="stmt"/>
        <line num="30" count="14" type="stmt"/>
        <line num="31" count="6" type="cond" truecount="2" falsecount="0"/>
        <line num="32" count="1" type="stmt"/>
        <line num="35" count="5" type="cond" truecount="2" falsecount="0"/>
        <line num="36" count="1" type="stmt"/>
        <line num="37" count="1" type="stmt"/>
        <line num="40" count="4" type="stmt"/>
        <line num="43" count="14" type="stmt"/>
        <line num="49" count="4" type="stmt"/>
        <line num="53" count="4" type="stmt"/>
      </file>
      <file name="RequireAuth.jsx" path="C:\Users\pgliszcz\OneDrive - Automatic Data Processing Inc\Dokumenty\graduate-program\frontend-react-app\react\src\components\RequireAuth.jsx">
        <metrics statements="6" coveredstatements="6" conditionals="2" coveredconditionals="2" methods="1" coveredmethods="1"/>
        <line num="5" count="1" type="stmt"/>
        <line num="6" count="2" type="stmt"/>
        <line num="7" count="2" type="stmt"/>
        <line num="9" count="2" type="cond" truecount="2" falsecount="0"/>
        <line num="10" count="1" type="stmt"/>
        <line num="15" count="1" type="stmt"/>
      </file>
      <file name="SearchBar.jsx" path="C:\Users\pgliszcz\OneDrive - Automatic Data Processing Inc\Dokumenty\graduate-program\frontend-react-app\react\src\components\SearchBar.jsx">
        <metrics statements="5" coveredstatements="5" conditionals="0" coveredconditionals="0" methods="2" coveredmethods="2"/>
        <line num="5" count="2" type="stmt"/>
        <line num="7" count="6" type="stmt"/>
        <line num="9" count="6" type="stmt"/>
        <line num="10" count="1" type="stmt"/>
        <line num="13" count="6" type="stmt"/>
      </file>
    </package>
    <package name="components.hooks">
      <metrics statements="38" coveredstatements="38" conditionals="2" coveredconditionals="2" methods="13" coveredmethods="13"/>
      <file name="AuthContext.jsx" path="C:\Users\pgliszcz\OneDrive - Automatic Data Processing Inc\Dokumenty\graduate-program\frontend-react-app\react\src\components\hooks\AuthContext.jsx">
        <metrics statements="12" coveredstatements="12" conditionals="2" coveredconditionals="2" methods="4" coveredmethods="4"/>
        <line num="4" count="4" type="stmt"/>
        <line num="6" count="4" type="stmt"/>
        <line num="7" count="7" type="stmt"/>
        <line num="9" count="7" type="stmt"/>
        <line num="10" count="5" type="stmt"/>
        <line num="12" count="5" type="cond" truecount="2" falsecount="0"/>
        <line num="13" count="2" type="stmt"/>
        <line num="15" count="3" type="stmt"/>
        <line num="19" count="7" type="stmt"/>
        <line num="20" count="1" type="stmt"/>
        <line num="23" count="7" type="stmt"/>
        <line num="30" count="7" type="stmt"/>
      </file>
      <file name="CustomerContext.jsx" path="C:\Users\pgliszcz\OneDrive - Automatic Data Processing Inc\Dokumenty\graduate-program\frontend-react-app\react\src\components\hooks\CustomerContext.jsx">
        <metrics statements="7" coveredstatements="7" conditionals="0" coveredconditionals="0" methods="2" coveredmethods="2"/>
        <line num="3" count="8" type="stmt"/>
        <line num="10" count="8" type="stmt"/>
        <line num="12" count="8" type="stmt"/>
        <line num="13" count="9" type="stmt"/>
        <line num="14" count="9" type="stmt"/>
        <line num="16" count="9" type="stmt"/>
        <line num="23" count="8" type="stmt"/>
      </file>
      <file name="DataProviderContext.jsx" path="C:\Users\pgliszcz\OneDrive - Automatic Data Processing Inc\Dokumenty\graduate-program\frontend-react-app\react\src\components\hooks\DataProviderContext.jsx">
        <metrics statements="19" coveredstatements="19" conditionals="0" coveredconditionals="0" methods="7" coveredmethods="7"/>
        <line num="4" count="7" type="stmt"/>
        <line num="6" count="7" type="stmt"/>
        <line num="7" count="12" type="stmt"/>
        <line num="9" count="12" type="stmt"/>
        <line num="10" count="6" type="stmt"/>
        <line num="13" count="12" type="stmt"/>
        <line num="14" count="1" type="stmt"/>
        <line num="15" count="1" type="stmt"/>
        <line num="16" count="1" type="stmt"/>
        <line num="19" count="12" type="stmt"/>
        <line num="20" count="1" type="stmt"/>
        <line num="21" count="1" type="stmt"/>
        <line num="22" count="1" type="stmt"/>
        <line num="25" count="12" type="stmt"/>
        <line num="26" count="1" type="stmt"/>
        <line num="27" count="1" type="stmt"/>
        <line num="28" count="1" type="stmt"/>
        <line num="31" count="12" type="stmt"/>
        <line num="40" count="13" type="stmt"/>
      </file>
    </package>
    <package name="rest">
      <metrics statements="46" coveredstatements="46" conditionals="16" coveredconditionals="16" methods="5" coveredmethods="5"/>
      <file name="restdb.js" path="C:\Users\pgliszcz\OneDrive - Automatic Data Processing Inc\Dokumenty\graduate-program\frontend-react-app\react\src\rest\restdb.js">
        <metrics statements="46" coveredstatements="46" conditionals="16" coveredconditionals="16" methods="5" coveredmethods="5"/>
        <line num="1" count="12" type="stmt"/>
        <line num="2" count="12" type="stmt"/>
        <line num="4" count="12" type="stmt"/>
        <line num="5" count="4" type="stmt"/>
        <line num="6" count="4" type="cond" truecount="2" falsecount="0"/>
        <line num="7" count="4" type="stmt"/>
        <line num="9" count="3" type="cond" truecount="2" falsecount="0"/>
        <line num="10" count="1" type="stmt"/>
        <line num="13" count="2" type="stmt"/>
        <line num="14" count="2" type="stmt"/>
        <line num="17" count="2" type="stmt"/>
        <line num="21" count="12" type="stmt"/>
        <line num="22" count="4" type="stmt"/>
        <line num="23" count="4" type="cond" truecount="2" falsecount="0"/>
        <line num="24" count="4" type="stmt"/>
        <line num="26" count="3" type="cond" truecount="2" falsecount="0"/>
        <line num="27" count="1" type="stmt"/>
        <line num="30" count="2" type="stmt"/>
        <line num="31" count="2" type="cond" truecount="2" falsecount="0"/>
        <line num="32" count="1" type="stmt"/>
        <line num="34" count="1" type="stmt"/>
        <line num="37" count="2" type="stmt"/>
        <line num="41" count="12" type="stmt"/>
        <line num="42" count="3" type="stmt"/>
        <line num="43" count="3" type="stmt"/>
        <line num="45" count="3" type="stmt"/>
        <line num="54" count="2" type="cond" truecount="2" falsecount="0"/>
        <line num="55" count="1" type="stmt"/>
        <line num="58" count="1" type="stmt"/>
        <line num="59" count="1" type="stmt"/>
        <line num="61" count="2" type="stmt"/>
        <line num="65" count="12" type="stmt"/>
        <line num="66" count="3" type="stmt"/>
        <line num="67" count="3" type="stmt"/>
        <line num="69" count="3" type="stmt"/>
        <line num="78" count="2" type="cond" truecount="2" falsecount="0"/>
        <line num="79" count="1" type="stmt"/>
        <line num="82" count="1" type="stmt"/>
        <line num="83" count="1" type="stmt"/>
        <line num="85" count="2" type="stmt"/>
        <line num="89" count="12" type="stmt"/>
        <line num="90" count="3" type="stmt"/>
        <line num="91" count="3" type="stmt"/>
        <line num="96" count="2" type="cond" truecount="2" falsecount="0"/>
        <line num="97" count="1" type="stmt"/>
        <line num="100" count="2" type="stmt"/>
      </file>
    </package>
    <package name="utils">
      <metrics statements="6" coveredstatements="6" conditionals="2" coveredconditionals="2" methods="2" coveredmethods="2"/>
      <file name="Validator.js" path="C:\Users\pgliszcz\OneDrive - Automatic Data Processing Inc\Dokumenty\graduate-program\frontend-react-app\react\src\utils\Validator.js">
        <metrics statements="6" coveredstatements="6" conditionals="2" coveredconditionals="2" methods="2" coveredmethods="2"/>
        <line num="2" count="4" type="stmt"/>
        <line num="3" count="30" type="stmt"/>
        <line num="4" count="30" type="cond" truecount="2" falsecount="0"/>
        <line num="7" count="4" type="stmt"/>
        <line num="8" count="15" type="stmt"/>
        <line num="9" count="15" type="stmt"/>
      </file>
    </package>
  </project>
</coverage>
