{"C:\\Users\\pgliszcz\\OneDrive - Automatic Data Processing Inc\\Dokumenty\\graduate-program\\frontend-react-app\\react\\src\\components\\AddUpdateForm.jsx": {"path":"C:\\Users\\pgliszcz\\OneDrive - Automatic Data Processing Inc\\Dokumenty\\graduate-program\\frontend-react-app\\react\\src\\components\\AddUpdateForm.jsx","statementMap":{"0":{"start":{"line":8,"column":22},"end":{"line":59,"column":1}},"1":{"start":{"line":10,"column":23},"end":{"line":10,"column":36}},"2":{"start":{"line":11,"column":42},"end":{"line":11,"column":60}},"3":{"start":{"line":13,"column":17},"end":{"line":20,"column":3}},"4":{"start":{"line":14,"column":4},"end":{"line":19,"column":5}},"5":{"start":{"line":22,"column":2},"end":{"line":24,"column":17}},"6":{"start":{"line":23,"column":4},"end":{"line":23,"column":29}},"7":{"start":{"line":26,"column":2},"end":{"line":58,"column":3}},"8":{"start":{"line":31,"column":58},"end":{"line":31,"column":79}},"9":{"start":{"line":39,"column":31},"end":{"line":39,"column":53}},"10":{"start":{"line":46,"column":62},"end":{"line":46,"column":87}}},"fnMap":{"0":{"name":"(anonymous_0)","decl":{"start":{"line":8,"column":22},"end":{"line":8,"column":23}},"loc":{"start":{"line":8,"column":28},"end":{"line":59,"column":1}},"line":8},"1":{"name":"(anonymous_1)","decl":{"start":{"line":13,"column":17},"end":{"line":13,"column":18}},"loc":{"start":{"line":13,"column":35},"end":{"line":20,"column":3}},"line":13},"2":{"name":"(anonymous_2)","decl":{"start":{"line":22,"column":12},"end":{"line":22,"column":13}},"loc":{"start":{"line":22,"column":18},"end":{"line":24,"column":3}},"line":22},"3":{"name":"(anonymous_3)","decl":{"start":{"line":31,"column":47},"end":{"line":31,"column":48}},"loc":{"start":{"line":31,"column":58},"end":{"line":31,"column":79}},"line":31},"4":{"name":"(anonymous_4)","decl":{"start":{"line":39,"column":20},"end":{"line":39,"column":21}},"loc":{"start":{"line":39,"column":31},"end":{"line":39,"column":53}},"line":39},"5":{"name":"(anonymous_5)","decl":{"start":{"line":46,"column":51},"end":{"line":46,"column":52}},"loc":{"start":{"line":46,"column":62},"end":{"line":46,"column":87}},"line":46}},"branchMap":{"0":{"loc":{"start":{"line":35,"column":11},"end":{"line":35,"column":124}},"type":"cond-expr","locations":[{"start":{"line":35,"column":44},"end":{"line":35,"column":46}},{"start":{"line":35,"column":49},"end":{"line":35,"column":124}}],"line":35},"1":{"loc":{"start":{"line":43,"column":11},"end":{"line":43,"column":105}},"type":"cond-expr","locations":[{"start":{"line":43,"column":46},"end":{"line":43,"column":48}},{"start":{"line":43,"column":51},"end":{"line":43,"column":105}}],"line":43},"2":{"loc":{"start":{"line":50,"column":11},"end":{"line":50,"column":136}},"type":"cond-expr","locations":[{"start":{"line":50,"column":48},"end":{"line":50,"column":50}},{"start":{"line":50,"column":53},"end":{"line":50,"column":136}}],"line":50}},"s":{"0":2,"1":10,"2":10,"3":10,"4":3,"5":10,"6":6,"7":10,"8":1,"9":1,"10":1},"f":{"0":10,"1":3,"2":6,"3":1,"4":1,"5":1},"b":{"0":[6,4],"1":[4,6],"2":[3,7]},"_coverageSchema":"1a1c01bbd47fc00a2c39e90264f33305004495a9","hash":"dfb23155ecab52f7dcacb1da7207cac5e5b144dc"}
,"C:\\Users\\pgliszcz\\OneDrive - Automatic Data Processing Inc\\Dokumenty\\graduate-program\\frontend-react-app\\react\\src\\components\\AddUpdateFormTitle.jsx": {"path":"C:\\Users\\pgliszcz\\OneDrive - Automatic Data Processing Inc\\Dokumenty\\graduate-program\\frontend-react-app\\react\\src\\components\\AddUpdateFormTitle.jsx","statementMap":{"0":{"start":{"line":5,"column":27},"end":{"line":16,"column":1}},"1":{"start":{"line":7,"column":28},"end":{"line":7,"column":41}},"2":{"start":{"line":9,"column":19},"end":{"line":11,"column":3}},"3":{"start":{"line":10,"column":4},"end":{"line":10,"column":67}},"4":{"start":{"line":13,"column":2},"end":{"line":15,"column":3}}},"fnMap":{"0":{"name":"(anonymous_0)","decl":{"start":{"line":5,"column":27},"end":{"line":5,"column":28}},"loc":{"start":{"line":5,"column":38},"end":{"line":16,"column":1}},"line":5},"1":{"name":"(anonymous_1)","decl":{"start":{"line":9,"column":19},"end":{"line":9,"column":20}},"loc":{"start":{"line":9,"column":25},"end":{"line":11,"column":3}},"line":9}},"branchMap":{"0":{"loc":{"start":{"line":10,"column":11},"end":{"line":10,"column":67}},"type":"cond-expr","locations":[{"start":{"line":10,"column":51},"end":{"line":10,"column":59}},{"start":{"line":10,"column":62},"end":{"line":10,"column":67}}],"line":10}},"s":{"0":3,"1":11,"2":11,"3":11,"4":11},"f":{"0":11,"1":11},"b":{"0":[3,8]},"_coverageSchema":"1a1c01bbd47fc00a2c39e90264f33305004495a9","hash":"a926a43ca947bcb9caafd8898c7639edee76e953"}
,"C:\\Users\\pgliszcz\\OneDrive - Automatic Data Processing Inc\\Dokumenty\\graduate-program\\frontend-react-app\\react\\src\\components\\CustomerList.jsx": {"path":"C:\\Users\\pgliszcz\\OneDrive - Automatic Data Processing Inc\\Dokumenty\\graduate-program\\frontend-react-app\\react\\src\\components\\CustomerList.jsx","statementMap":{"0":{"start":{"line":7,"column":21},"end":{"line":17,"column":1}},"1":{"start":{"line":8,"column":2},"end":{"line":16,"column":3}}},"fnMap":{"0":{"name":"(anonymous_0)","decl":{"start":{"line":7,"column":21},"end":{"line":7,"column":22}},"loc":{"start":{"line":7,"column":27},"end":{"line":17,"column":1}},"line":7}},"branchMap":{},"s":{"0":1,"1":4},"f":{"0":4},"b":{},"_coverageSchema":"1a1c01bbd47fc00a2c39e90264f33305004495a9","hash":"f5069a008bf4b15b7ace7851383280ac6dd41a44"}
,"C:\\Users\\pgliszcz\\OneDrive - Automatic Data Processing Inc\\Dokumenty\\graduate-program\\frontend-react-app\\react\\src\\components\\CustomerListTitle.jsx": {"path":"C:\\Users\\pgliszcz\\OneDrive - Automatic Data Processing Inc\\Dokumenty\\graduate-program\\frontend-react-app\\react\\src\\components\\CustomerListTitle.jsx","statementMap":{"0":{"start":{"line":4,"column":26},"end":{"line":10,"column":1}},"1":{"start":{"line":5,"column":2},"end":{"line":9,"column":3}}},"fnMap":{"0":{"name":"(anonymous_0)","decl":{"start":{"line":4,"column":26},"end":{"line":4,"column":27}},"loc":{"start":{"line":4,"column":32},"end":{"line":10,"column":1}},"line":4}},"branchMap":{},"s":{"0":2,"1":5},"f":{"0":5},"b":{},"_coverageSchema":"1a1c01bbd47fc00a2c39e90264f33305004495a9","hash":"bb9e4ec903afeeb7e9727d250d2946af24943e86"}
,"C:\\Users\\pgliszcz\\OneDrive - Automatic Data Processing Inc\\Dokumenty\\graduate-program\\frontend-react-app\\react\\src\\components\\CustomerTable.jsx": {"path":"C:\\Users\\pgliszcz\\OneDrive - Automatic Data Processing Inc\\Dokumenty\\graduate-program\\frontend-react-app\\react\\src\\components\\CustomerTable.jsx","statementMap":{"0":{"start":{"line":6,"column":22},"end":{"line":52,"column":1}},"1":{"start":{"line":8,"column":43},"end":{"line":8,"column":60}},"2":{"start":{"line":9,"column":51},"end":{"line":9,"column":64}},"3":{"start":{"line":11,"column":21},"end":{"line":17,"column":3}},"4":{"start":{"line":12,"column":4},"end":{"line":15,"column":5}},"5":{"start":{"line":13,"column":6},"end":{"line":13,"column":33}},"6":{"start":{"line":14,"column":6},"end":{"line":14,"column":13}},"7":{"start":{"line":16,"column":4},"end":{"line":16,"column":34}},"8":{"start":{"line":19,"column":24},"end":{"line":24,"column":3}},"9":{"start":{"line":20,"column":4},"end":{"line":22,"column":5}},"10":{"start":{"line":21,"column":6},"end":{"line":21,"column":23}},"11":{"start":{"line":23,"column":4},"end":{"line":23,"column":21}},"12":{"start":{"line":26,"column":2},"end":{"line":28,"column":9}},"13":{"start":{"line":27,"column":4},"end":{"line":27,"column":21}},"14":{"start":{"line":30,"column":2},"end":{"line":51,"column":3}},"15":{"start":{"line":42,"column":12},"end":{"line":46,"column":17}},"16":{"start":{"line":42,"column":31},"end":{"line":42,"column":51}}},"fnMap":{"0":{"name":"(anonymous_0)","decl":{"start":{"line":6,"column":22},"end":{"line":6,"column":23}},"loc":{"start":{"line":6,"column":28},"end":{"line":52,"column":1}},"line":6},"1":{"name":"(anonymous_1)","decl":{"start":{"line":11,"column":21},"end":{"line":11,"column":22}},"loc":{"start":{"line":11,"column":43},"end":{"line":17,"column":3}},"line":11},"2":{"name":"(anonymous_2)","decl":{"start":{"line":19,"column":24},"end":{"line":19,"column":25}},"loc":{"start":{"line":19,"column":40},"end":{"line":24,"column":3}},"line":19},"3":{"name":"(anonymous_3)","decl":{"start":{"line":26,"column":12},"end":{"line":26,"column":13}},"loc":{"start":{"line":26,"column":18},"end":{"line":28,"column":3}},"line":26},"4":{"name":"(anonymous_4)","decl":{"start":{"line":41,"column":28},"end":{"line":41,"column":29}},"loc":{"start":{"line":42,"column":12},"end":{"line":46,"column":17}},"line":42},"5":{"name":"(anonymous_5)","decl":{"start":{"line":42,"column":25},"end":{"line":42,"column":26}},"loc":{"start":{"line":42,"column":31},"end":{"line":42,"column":51}},"line":42}},"branchMap":{"0":{"loc":{"start":{"line":12,"column":4},"end":{"line":15,"column":5}},"type":"if","locations":[{"start":{"line":12,"column":4},"end":{"line":15,"column":5}},{"start":{},"end":{}}],"line":12},"1":{"loc":{"start":{"line":20,"column":4},"end":{"line":22,"column":5}},"type":"if","locations":[{"start":{"line":20,"column":4},"end":{"line":22,"column":5}},{"start":{},"end":{}}],"line":20}},"s":{"0":2,"1":10,"2":10,"3":10,"4":4,"5":1,"6":1,"7":3,"8":10,"9":10,"10":8,"11":2,"12":10,"13":10,"14":10,"15":10,"16":4},"f":{"0":10,"1":4,"2":10,"3":10,"4":10,"5":4},"b":{"0":[1,3],"1":[8,2]},"_coverageSchema":"1a1c01bbd47fc00a2c39e90264f33305004495a9","hash":"2ddd1f3242a238dcad4160f4267ad3346fcff42f"}
,"C:\\Users\\pgliszcz\\OneDrive - Automatic Data Processing Inc\\Dokumenty\\graduate-program\\frontend-react-app\\react\\src\\components\\FormButtons.jsx": {"path":"C:\\Users\\pgliszcz\\OneDrive - Automatic Data Processing Inc\\Dokumenty\\graduate-program\\frontend-react-app\\react\\src\\components\\FormButtons.jsx","statementMap":{"0":{"start":{"line":8,"column":20},"end":{"line":63,"column":1}},"1":{"start":{"line":10,"column":44},"end":{"line":10,"column":49}},"2":{"start":{"line":11,"column":41},"end":{"line":11,"column":54}},"3":{"start":{"line":12,"column":58},"end":{"line":12,"column":75}},"4":{"start":{"line":13,"column":19},"end":{"line":13,"column":32}},"5":{"start":{"line":15,"column":22},"end":{"line":19,"column":3}},"6":{"start":{"line":16,"column":4},"end":{"line":18,"column":44}},"7":{"start":{"line":21,"column":19},"end":{"line":27,"column":3}},"8":{"start":{"line":22,"column":4},"end":{"line":26,"column":5}},"9":{"start":{"line":23,"column":6},"end":{"line":23,"column":38}},"10":{"start":{"line":24,"column":6},"end":{"line":24,"column":33}},"11":{"start":{"line":25,"column":6},"end":{"line":25,"column":20}},"12":{"start":{"line":29,"column":17},"end":{"line":47,"column":3}},"13":{"start":{"line":30,"column":4},"end":{"line":32,"column":5}},"14":{"start":{"line":31,"column":6},"end":{"line":31,"column":13}},"15":{"start":{"line":34,"column":4},"end":{"line":42,"column":5}},"16":{"start":{"line":35,"column":24},"end":{"line":35,"column":36}},"17":{"start":{"line":36,"column":6},"end":{"line":36,"column":28}},"18":{"start":{"line":38,"column":6},"end":{"line":38,"column":31}},"19":{"start":{"line":39,"column":6},"end":{"line":39,"column":37}},"20":{"start":{"line":40,"column":6},"end":{"line":40,"column":20}},"21":{"start":{"line":41,"column":6},"end":{"line":41,"column":13}},"22":{"start":{"line":44,"column":4},"end":{"line":44,"column":39}},"23":{"start":{"line":45,"column":4},"end":{"line":45,"column":31}},"24":{"start":{"line":46,"column":4},"end":{"line":46,"column":18}},"25":{"start":{"line":49,"column":19},"end":{"line":54,"column":3}},"26":{"start":{"line":50,"column":4},"end":{"line":52,"column":5}},"27":{"start":{"line":51,"column":6},"end":{"line":51,"column":33}},"28":{"start":{"line":53,"column":4},"end":{"line":53,"column":18}},"29":{"start":{"line":56,"column":2},"end":{"line":62,"column":3}}},"fnMap":{"0":{"name":"(anonymous_0)","decl":{"start":{"line":8,"column":20},"end":{"line":8,"column":21}},"loc":{"start":{"line":8,"column":31},"end":{"line":63,"column":1}},"line":8},"1":{"name":"(anonymous_1)","decl":{"start":{"line":15,"column":22},"end":{"line":15,"column":23}},"loc":{"start":{"line":15,"column":28},"end":{"line":19,"column":3}},"line":15},"2":{"name":"(anonymous_2)","decl":{"start":{"line":21,"column":19},"end":{"line":21,"column":20}},"loc":{"start":{"line":21,"column":25},"end":{"line":27,"column":3}},"line":21},"3":{"name":"(anonymous_3)","decl":{"start":{"line":29,"column":17},"end":{"line":29,"column":18}},"loc":{"start":{"line":29,"column":29},"end":{"line":47,"column":3}},"line":29},"4":{"name":"(anonymous_4)","decl":{"start":{"line":49,"column":19},"end":{"line":49,"column":20}},"loc":{"start":{"line":49,"column":25},"end":{"line":54,"column":3}},"line":49}},"branchMap":{"0":{"loc":{"start":{"line":16,"column":11},"end":{"line":18,"column":43}},"type":"binary-expr","locations":[{"start":{"line":16,"column":11},"end":{"line":16,"column":41}},{"start":{"line":17,"column":9},"end":{"line":17,"column":41}},{"start":{"line":18,"column":9},"end":{"line":18,"column":43}}],"line":16},"1":{"loc":{"start":{"line":22,"column":4},"end":{"line":26,"column":5}},"type":"if","locations":[{"start":{"line":22,"column":4},"end":{"line":26,"column":5}},{"start":{},"end":{}}],"line":22},"2":{"loc":{"start":{"line":30,"column":4},"end":{"line":32,"column":5}},"type":"if","locations":[{"start":{"line":30,"column":4},"end":{"line":32,"column":5}},{"start":{},"end":{}}],"line":30},"3":{"loc":{"start":{"line":34,"column":4},"end":{"line":42,"column":5}},"type":"if","locations":[{"start":{"line":34,"column":4},"end":{"line":42,"column":5}},{"start":{},"end":{}}],"line":34},"4":{"loc":{"start":{"line":50,"column":4},"end":{"line":52,"column":5}},"type":"if","locations":[{"start":{"line":50,"column":4},"end":{"line":52,"column":5}},{"start":{},"end":{}}],"line":50}},"s":{"0":3,"1":17,"2":17,"3":17,"4":17,"5":17,"6":3,"7":17,"8":2,"9":1,"10":1,"11":1,"12":17,"13":3,"14":1,"15":2,"16":1,"17":1,"18":1,"19":1,"20":1,"21":1,"22":1,"23":1,"24":1,"25":17,"26":3,"27":2,"28":3,"29":17},"f":{"0":17,"1":3,"2":2,"3":3,"4":3},"b":{"0":[3,2,2],"1":[1,1],"2":[1,2],"3":[1,1],"4":[2,1]},"_coverageSchema":"1a1c01bbd47fc00a2c39e90264f33305004495a9","hash":"9486ba645d857647997e03bb8a348adee27f14cc"}
,"C:\\Users\\pgliszcz\\OneDrive - Automatic Data Processing Inc\\Dokumenty\\graduate-program\\frontend-react-app\\react\\src\\components\\Heading.jsx": {"path":"C:\\Users\\pgliszcz\\OneDrive - Automatic Data Processing Inc\\Dokumenty\\graduate-program\\frontend-react-app\\react\\src\\components\\Heading.jsx","statementMap":{"0":{"start":{"line":7,"column":16},"end":{"line":32,"column":1}},"1":{"start":{"line":9,"column":38},"end":{"line":9,"column":51}},"2":{"start":{"line":10,"column":27},"end":{"line":10,"column":36}},"3":{"start":{"line":12,"column":24},"end":{"line":14,"column":22}},"4":{"start":{"line":13,"column":4},"end":{"line":14,"column":22}},"5":{"start":{"line":16,"column":22},"end":{"line":20,"column":3}},"6":{"start":{"line":17,"column":4},"end":{"line":19,"column":77}},"7":{"start":{"line":22,"column":2},"end":{"line":31,"column":3}}},"fnMap":{"0":{"name":"(anonymous_0)","decl":{"start":{"line":7,"column":16},"end":{"line":7,"column":17}},"loc":{"start":{"line":7,"column":22},"end":{"line":32,"column":1}},"line":7},"1":{"name":"(anonymous_1)","decl":{"start":{"line":12,"column":24},"end":{"line":12,"column":25}},"loc":{"start":{"line":13,"column":4},"end":{"line":14,"column":22}},"line":13},"2":{"name":"(anonymous_2)","decl":{"start":{"line":16,"column":22},"end":{"line":16,"column":23}},"loc":{"start":{"line":16,"column":28},"end":{"line":20,"column":3}},"line":16}},"branchMap":{"0":{"loc":{"start":{"line":13,"column":4},"end":{"line":14,"column":22}},"type":"cond-expr","locations":[{"start":{"line":14,"column":6},"end":{"line":14,"column":11}},{"start":{"line":14,"column":14},"end":{"line":14,"column":22}}],"line":13},"1":{"loc":{"start":{"line":17,"column":11},"end":{"line":19,"column":76}},"type":"cond-expr","locations":[{"start":{"line":18,"column":6},"end":{"line":18,"column":63}},{"start":{"line":19,"column":6},"end":{"line":19,"column":76}}],"line":17}},"s":{"0":1,"1":4,"2":4,"3":4,"4":4,"5":4,"6":4,"7":4},"f":{"0":4,"1":4,"2":4},"b":{"0":[3,1],"1":[3,1]},"_coverageSchema":"1a1c01bbd47fc00a2c39e90264f33305004495a9","hash":"3a3c1fc793748041eb25a6d04ab81259d90bc900"}
,"C:\\Users\\pgliszcz\\OneDrive - Automatic Data Processing Inc\\Dokumenty\\graduate-program\\frontend-react-app\\react\\src\\components\\LoginForm.jsx": {"path":"C:\\Users\\pgliszcz\\OneDrive - Automatic Data Processing Inc\\Dokumenty\\graduate-program\\frontend-react-app\\react\\src\\components\\LoginForm.jsx","statementMap":{"0":{"start":{"line":6,"column":18},"end":{"line":61,"column":1}},"1":{"start":{"line":8,"column":34},"end":{"line":8,"column":46}},"2":{"start":{"line":9,"column":34},"end":{"line":9,"column":46}},"3":{"start":{"line":10,"column":26},"end":{"line":10,"column":35}},"4":{"start":{"line":11,"column":19},"end":{"line":11,"column":32}},"5":{"start":{"line":12,"column":19},"end":{"line":12,"column":32}},"6":{"start":{"line":14,"column":18},"end":{"line":17,"column":3}},"7":{"start":{"line":15,"column":4},"end":{"line":15,"column":27}},"8":{"start":{"line":16,"column":4},"end":{"line":16,"column":30}},"9":{"start":{"line":19,"column":19},"end":{"line":28,"column":3}},"10":{"start":{"line":20,"column":4},"end":{"line":27,"column":5}},"11":{"start":{"line":22,"column":8},"end":{"line":22,"column":40}},"12":{"start":{"line":23,"column":8},"end":{"line":23,"column":14}},"13":{"start":{"line":25,"column":8},"end":{"line":25,"column":40}},"14":{"start":{"line":26,"column":8},"end":{"line":26,"column":14}},"15":{"start":{"line":30,"column":2},"end":{"line":41,"column":12}},"16":{"start":{"line":31,"column":4},"end":{"line":33,"column":5}},"17":{"start":{"line":32,"column":6},"end":{"line":32,"column":13}},"18":{"start":{"line":35,"column":4},"end":{"line":38,"column":5}},"19":{"start":{"line":36,"column":6},"end":{"line":36,"column":45}},"20":{"start":{"line":37,"column":6},"end":{"line":37,"column":13}},"21":{"start":{"line":40,"column":4},"end":{"line":40,"column":18}},"22":{"start":{"line":43,"column":2},"end":{"line":60,"column":3}},"23":{"start":{"line":49,"column":31},"end":{"line":49,"column":58}},"24":{"start":{"line":53,"column":31},"end":{"line":53,"column":58}}},"fnMap":{"0":{"name":"(anonymous_0)","decl":{"start":{"line":6,"column":18},"end":{"line":6,"column":19}},"loc":{"start":{"line":6,"column":24},"end":{"line":61,"column":1}},"line":6},"1":{"name":"(anonymous_1)","decl":{"start":{"line":14,"column":18},"end":{"line":14,"column":19}},"loc":{"start":{"line":14,"column":29},"end":{"line":17,"column":3}},"line":14},"2":{"name":"(anonymous_2)","decl":{"start":{"line":19,"column":19},"end":{"line":19,"column":20}},"loc":{"start":{"line":19,"column":37},"end":{"line":28,"column":3}},"line":19},"3":{"name":"(anonymous_3)","decl":{"start":{"line":30,"column":12},"end":{"line":30,"column":13}},"loc":{"start":{"line":30,"column":18},"end":{"line":41,"column":3}},"line":30},"4":{"name":"(anonymous_4)","decl":{"start":{"line":49,"column":20},"end":{"line":49,"column":21}},"loc":{"start":{"line":49,"column":31},"end":{"line":49,"column":58}},"line":49},"5":{"name":"(anonymous_5)","decl":{"start":{"line":53,"column":20},"end":{"line":53,"column":21}},"loc":{"start":{"line":53,"column":31},"end":{"line":53,"column":58}},"line":53}},"branchMap":{"0":{"loc":{"start":{"line":20,"column":4},"end":{"line":27,"column":5}},"type":"switch","locations":[{"start":{"line":21,"column":6},"end":{"line":23,"column":14}},{"start":{"line":24,"column":6},"end":{"line":26,"column":14}}],"line":20},"1":{"loc":{"start":{"line":31,"column":4},"end":{"line":33,"column":5}},"type":"if","locations":[{"start":{"line":31,"column":4},"end":{"line":33,"column":5}},{"start":{},"end":{}}],"line":31},"2":{"loc":{"start":{"line":35,"column":4},"end":{"line":38,"column":5}},"type":"if","locations":[{"start":{"line":35,"column":4},"end":{"line":38,"column":5}},{"start":{},"end":{}}],"line":35}},"s":{"0":2,"1":14,"2":14,"3":14,"4":14,"5":14,"6":14,"7":3,"8":3,"9":14,"10":8,"11":4,"12":4,"13":4,"14":4,"15":14,"16":6,"17":1,"18":5,"19":1,"20":1,"21":4,"22":14,"23":4,"24":4},"f":{"0":14,"1":3,"2":8,"3":6,"4":4,"5":4},"b":{"0":[4,4],"1":[1,5],"2":[1,4]},"_coverageSchema":"1a1c01bbd47fc00a2c39e90264f33305004495a9","hash":"a4505b092fd1c3785ab4df024f172cc99678f82c"}
,"C:\\Users\\pgliszcz\\OneDrive - Automatic Data Processing Inc\\Dokumenty\\graduate-program\\frontend-react-app\\react\\src\\components\\RequireAuth.jsx": {"path":"C:\\Users\\pgliszcz\\OneDrive - Automatic Data Processing Inc\\Dokumenty\\graduate-program\\frontend-react-app\\react\\src\\components\\RequireAuth.jsx","statementMap":{"0":{"start":{"line":5,"column":20},"end":{"line":16,"column":1}},"1":{"start":{"line":6,"column":19},"end":{"line":6,"column":32}},"2":{"start":{"line":7,"column":15},"end":{"line":7,"column":24}},"3":{"start":{"line":9,"column":2},"end":{"line":13,"column":3}},"4":{"start":{"line":10,"column":4},"end":{"line":12,"column":6}},"5":{"start":{"line":15,"column":2},"end":{"line":15,"column":18}}},"fnMap":{"0":{"name":"(anonymous_0)","decl":{"start":{"line":5,"column":20},"end":{"line":5,"column":21}},"loc":{"start":{"line":5,"column":38},"end":{"line":16,"column":1}},"line":5}},"branchMap":{"0":{"loc":{"start":{"line":9,"column":2},"end":{"line":13,"column":3}},"type":"if","locations":[{"start":{"line":9,"column":2},"end":{"line":13,"column":3}},{"start":{},"end":{}}],"line":9}},"s":{"0":1,"1":2,"2":2,"3":2,"4":1,"5":1},"f":{"0":2},"b":{"0":[1,1]},"_coverageSchema":"1a1c01bbd47fc00a2c39e90264f33305004495a9","hash":"4a440efc4a6956ca09ab69bd08026d667b3b0dc5"}
,"C:\\Users\\pgliszcz\\OneDrive - Automatic Data Processing Inc\\Dokumenty\\graduate-program\\frontend-react-app\\react\\src\\components\\SearchBar.jsx": {"path":"C:\\Users\\pgliszcz\\OneDrive - Automatic Data Processing Inc\\Dokumenty\\graduate-program\\frontend-react-app\\react\\src\\components\\SearchBar.jsx","statementMap":{"0":{"start":{"line":5,"column":18},"end":{"line":19,"column":1}},"1":{"start":{"line":7,"column":29},"end":{"line":7,"column":46}},"2":{"start":{"line":9,"column":17},"end":{"line":11,"column":3}},"3":{"start":{"line":10,"column":4},"end":{"line":10,"column":39}},"4":{"start":{"line":13,"column":2},"end":{"line":18,"column":3}}},"fnMap":{"0":{"name":"(anonymous_0)","decl":{"start":{"line":5,"column":18},"end":{"line":5,"column":19}},"loc":{"start":{"line":5,"column":24},"end":{"line":19,"column":1}},"line":5},"1":{"name":"(anonymous_1)","decl":{"start":{"line":9,"column":17},"end":{"line":9,"column":18}},"loc":{"start":{"line":9,"column":28},"end":{"line":11,"column":3}},"line":9}},"branchMap":{},"s":{"0":2,"1":6,"2":6,"3":1,"4":6},"f":{"0":6,"1":1},"b":{},"_coverageSchema":"1a1c01bbd47fc00a2c39e90264f33305004495a9","hash":"65f6002a568e198caf1cb21fbe79a74b5da0db2c"}
,"C:\\Users\\pgliszcz\\OneDrive - Automatic Data Processing Inc\\Dokumenty\\graduate-program\\frontend-react-app\\react\\src\\components\\hooks\\AuthContext.jsx": {"path":"C:\\Users\\pgliszcz\\OneDrive - Automatic Data Processing Inc\\Dokumenty\\graduate-program\\frontend-react-app\\react\\src\\components\\hooks\\AuthContext.jsx","statementMap":{"0":{"start":{"line":4,"column":20},"end":{"line":4,"column":39}},"1":{"start":{"line":6,"column":28},"end":{"line":28,"column":1}},"2":{"start":{"line":7,"column":26},"end":{"line":7,"column":40}},"3":{"start":{"line":9,"column":16},"end":{"line":17,"column":3}},"4":{"start":{"line":10,"column":22},"end":{"line":10,"column":48}},"5":{"start":{"line":12,"column":4},"end":{"line":16,"column":5}},"6":{"start":{"line":13,"column":6},"end":{"line":13,"column":25}},"7":{"start":{"line":15,"column":6},"end":{"line":15,"column":28}},"8":{"start":{"line":19,"column":17},"end":{"line":21,"column":3}},"9":{"start":{"line":20,"column":4},"end":{"line":20,"column":18}},"10":{"start":{"line":23,"column":2},"end":{"line":27,"column":3}},"11":{"start":{"line":30,"column":23},"end":{"line":30,"column":52}},"12":{"start":{"line":30,"column":29},"end":{"line":30,"column":52}}},"fnMap":{"0":{"name":"(anonymous_0)","decl":{"start":{"line":6,"column":28},"end":{"line":6,"column":29}},"loc":{"start":{"line":6,"column":46},"end":{"line":28,"column":1}},"line":6},"1":{"name":"(anonymous_1)","decl":{"start":{"line":9,"column":16},"end":{"line":9,"column":17}},"loc":{"start":{"line":9,"column":46},"end":{"line":17,"column":3}},"line":9},"2":{"name":"(anonymous_2)","decl":{"start":{"line":19,"column":17},"end":{"line":19,"column":18}},"loc":{"start":{"line":19,"column":23},"end":{"line":21,"column":3}},"line":19},"3":{"name":"(anonymous_3)","decl":{"start":{"line":30,"column":23},"end":{"line":30,"column":24}},"loc":{"start":{"line":30,"column":29},"end":{"line":30,"column":52}},"line":30}},"branchMap":{"0":{"loc":{"start":{"line":12,"column":4},"end":{"line":16,"column":5}},"type":"if","locations":[{"start":{"line":12,"column":4},"end":{"line":16,"column":5}},{"start":{"line":14,"column":11},"end":{"line":16,"column":5}}],"line":12}},"s":{"0":4,"1":4,"2":7,"3":7,"4":5,"5":5,"6":2,"7":3,"8":7,"9":1,"10":7,"11":4,"12":7},"f":{"0":7,"1":5,"2":1,"3":7},"b":{"0":[2,3]},"_coverageSchema":"1a1c01bbd47fc00a2c39e90264f33305004495a9","hash":"0568a219a5ff507fe32aa94cea67688ec9536f0f"}
,"C:\\Users\\pgliszcz\\OneDrive - Automatic Data Processing Inc\\Dokumenty\\graduate-program\\frontend-react-app\\react\\src\\components\\hooks\\CustomerContext.jsx": {"path":"C:\\Users\\pgliszcz\\OneDrive - Automatic Data Processing Inc\\Dokumenty\\graduate-program\\frontend-react-app\\react\\src\\components\\hooks\\CustomerContext.jsx","statementMap":{"0":{"start":{"line":3,"column":23},"end":{"line":8,"column":1}},"1":{"start":{"line":10,"column":24},"end":{"line":10,"column":53}},"2":{"start":{"line":12,"column":32},"end":{"line":21,"column":1}},"3":{"start":{"line":13,"column":24},"end":{"line":13,"column":38}},"4":{"start":{"line":14,"column":34},"end":{"line":14,"column":58}},"5":{"start":{"line":16,"column":2},"end":{"line":20,"column":3}},"6":{"start":{"line":23,"column":27},"end":{"line":23,"column":60}},"7":{"start":{"line":23,"column":33},"end":{"line":23,"column":60}}},"fnMap":{"0":{"name":"(anonymous_0)","decl":{"start":{"line":12,"column":32},"end":{"line":12,"column":33}},"loc":{"start":{"line":12,"column":50},"end":{"line":21,"column":1}},"line":12},"1":{"name":"(anonymous_1)","decl":{"start":{"line":23,"column":27},"end":{"line":23,"column":28}},"loc":{"start":{"line":23,"column":33},"end":{"line":23,"column":60}},"line":23}},"branchMap":{},"s":{"0":8,"1":8,"2":8,"3":9,"4":9,"5":9,"6":8,"7":8},"f":{"0":9,"1":8},"b":{},"_coverageSchema":"1a1c01bbd47fc00a2c39e90264f33305004495a9","hash":"df6175ce891af0366c9fdba9bd0035f5275b2007"}
,"C:\\Users\\pgliszcz\\OneDrive - Automatic Data Processing Inc\\Dokumenty\\graduate-program\\frontend-react-app\\react\\src\\components\\hooks\\DataProviderContext.jsx": {"path":"C:\\Users\\pgliszcz\\OneDrive - Automatic Data Processing Inc\\Dokumenty\\graduate-program\\frontend-react-app\\react\\src\\components\\hooks\\DataProviderContext.jsx","statementMap":{"0":{"start":{"line":4,"column":20},"end":{"line":4,"column":37}},"1":{"start":{"line":6,"column":28},"end":{"line":38,"column":1}},"2":{"start":{"line":7,"column":42},"end":{"line":7,"column":54}},"3":{"start":{"line":9,"column":25},"end":{"line":11,"column":3}},"4":{"start":{"line":10,"column":4},"end":{"line":10,"column":67}},"5":{"start":{"line":10,"column":40},"end":{"line":10,"column":65}},"6":{"start":{"line":13,"column":25},"end":{"line":17,"column":3}},"7":{"start":{"line":14,"column":4},"end":{"line":14,"column":25}},"8":{"start":{"line":15,"column":4},"end":{"line":15,"column":48}},"9":{"start":{"line":16,"column":4},"end":{"line":16,"column":21}},"10":{"start":{"line":19,"column":22},"end":{"line":23,"column":3}},"11":{"start":{"line":20,"column":29},"end":{"line":20,"column":52}},"12":{"start":{"line":21,"column":4},"end":{"line":21,"column":69}},"13":{"start":{"line":22,"column":4},"end":{"line":22,"column":21}},"14":{"start":{"line":25,"column":25},"end":{"line":29,"column":3}},"15":{"start":{"line":26,"column":29},"end":{"line":26,"column":55}},"16":{"start":{"line":27,"column":4},"end":{"line":27,"column":65}},"17":{"start":{"line":28,"column":4},"end":{"line":28,"column":21}},"18":{"start":{"line":31,"column":2},"end":{"line":37,"column":3}},"19":{"start":{"line":40,"column":31},"end":{"line":40,"column":60}},"20":{"start":{"line":40,"column":37},"end":{"line":40,"column":60}}},"fnMap":{"0":{"name":"(anonymous_0)","decl":{"start":{"line":6,"column":28},"end":{"line":6,"column":29}},"loc":{"start":{"line":6,"column":46},"end":{"line":38,"column":1}},"line":6},"1":{"name":"(anonymous_1)","decl":{"start":{"line":9,"column":25},"end":{"line":9,"column":26}},"loc":{"start":{"line":9,"column":41},"end":{"line":11,"column":3}},"line":9},"2":{"name":"(anonymous_2)","decl":{"start":{"line":10,"column":28},"end":{"line":10,"column":29}},"loc":{"start":{"line":10,"column":40},"end":{"line":10,"column":65}},"line":10},"3":{"name":"(anonymous_3)","decl":{"start":{"line":13,"column":25},"end":{"line":13,"column":26}},"loc":{"start":{"line":13,"column":39},"end":{"line":17,"column":3}},"line":13},"4":{"name":"(anonymous_4)","decl":{"start":{"line":19,"column":22},"end":{"line":19,"column":23}},"loc":{"start":{"line":19,"column":45},"end":{"line":23,"column":3}},"line":19},"5":{"name":"(anonymous_5)","decl":{"start":{"line":25,"column":25},"end":{"line":25,"column":26}},"loc":{"start":{"line":25,"column":52},"end":{"line":29,"column":3}},"line":25},"6":{"name":"(anonymous_6)","decl":{"start":{"line":40,"column":31},"end":{"line":40,"column":32}},"loc":{"start":{"line":40,"column":37},"end":{"line":40,"column":60}},"line":40}},"branchMap":{},"s":{"0":7,"1":7,"2":12,"3":12,"4":6,"5":6,"6":12,"7":1,"8":1,"9":1,"10":12,"11":1,"12":1,"13":1,"14":12,"15":1,"16":1,"17":1,"18":12,"19":7,"20":13},"f":{"0":12,"1":6,"2":6,"3":1,"4":1,"5":1,"6":13},"b":{},"_coverageSchema":"1a1c01bbd47fc00a2c39e90264f33305004495a9","hash":"dcaa110a7dc1bb45368240c7b7752b87208722a6"}
,"C:\\Users\\pgliszcz\\OneDrive - Automatic Data Processing Inc\\Dokumenty\\graduate-program\\frontend-react-app\\react\\src\\rest\\restdb.js": {"path":"C:\\Users\\pgliszcz\\OneDrive - Automatic Data Processing Inc\\Dokumenty\\graduate-program\\frontend-react-app\\react\\src\\rest\\restdb.js","statementMap":{"0":{"start":{"line":1,"column":17},"end":{"line":1,"column":40}},"1":{"start":{"line":2,"column":27},"end":{"line":2,"column":38}},"2":{"start":{"line":4,"column":22},"end":{"line":19,"column":1}},"3":{"start":{"line":5,"column":2},"end":{"line":18,"column":3}},"4":{"start":{"line":6,"column":21},"end":{"line":6,"column":38}},"5":{"start":{"line":7,"column":21},"end":{"line":7,"column":91}},"6":{"start":{"line":9,"column":4},"end":{"line":11,"column":5}},"7":{"start":{"line":10,"column":6},"end":{"line":10,"column":85}},"8":{"start":{"line":13,"column":25},"end":{"line":13,"column":46}},"9":{"start":{"line":14,"column":4},"end":{"line":14,"column":24}},"10":{"start":{"line":17,"column":4},"end":{"line":17,"column":59}},"11":{"start":{"line":21,"column":26},"end":{"line":39,"column":1}},"12":{"start":{"line":22,"column":2},"end":{"line":38,"column":3}},"13":{"start":{"line":23,"column":22},"end":{"line":23,"column":33}},"14":{"start":{"line":24,"column":21},"end":{"line":24,"column":88}},"15":{"start":{"line":26,"column":4},"end":{"line":28,"column":5}},"16":{"start":{"line":27,"column":6},"end":{"line":27,"column":85}},"17":{"start":{"line":30,"column":25},"end":{"line":30,"column":46}},"18":{"start":{"line":31,"column":4},"end":{"line":33,"column":5}},"19":{"start":{"line":32,"column":6},"end":{"line":32,"column":29}},"20":{"start":{"line":34,"column":4},"end":{"line":34,"column":14}},"21":{"start":{"line":37,"column":4},"end":{"line":37,"column":59}},"22":{"start":{"line":41,"column":20},"end":{"line":63,"column":1}},"23":{"start":{"line":42,"column":2},"end":{"line":62,"column":3}},"24":{"start":{"line":43,"column":21},"end":{"line":43,"column":45}},"25":{"start":{"line":45,"column":21},"end":{"line":52,"column":8}},"26":{"start":{"line":54,"column":4},"end":{"line":56,"column":5}},"27":{"start":{"line":55,"column":6},"end":{"line":55,"column":82}},"28":{"start":{"line":58,"column":25},"end":{"line":58,"column":46}},"29":{"start":{"line":59,"column":4},"end":{"line":59,"column":24}},"30":{"start":{"line":61,"column":4},"end":{"line":61,"column":58}},"31":{"start":{"line":65,"column":19},"end":{"line":87,"column":1}},"32":{"start":{"line":66,"column":2},"end":{"line":86,"column":3}},"33":{"start":{"line":67,"column":21},"end":{"line":67,"column":45}},"34":{"start":{"line":69,"column":21},"end":{"line":76,"column":8}},"35":{"start":{"line":78,"column":4},"end":{"line":80,"column":5}},"36":{"start":{"line":79,"column":6},"end":{"line":79,"column":84}},"37":{"start":{"line":82,"column":25},"end":{"line":82,"column":46}},"38":{"start":{"line":83,"column":4},"end":{"line":83,"column":24}},"39":{"start":{"line":85,"column":4},"end":{"line":85,"column":58}},"40":{"start":{"line":89,"column":26},"end":{"line":102,"column":1}},"41":{"start":{"line":90,"column":2},"end":{"line":101,"column":3}},"42":{"start":{"line":91,"column":21},"end":{"line":94,"column":8}},"43":{"start":{"line":96,"column":4},"end":{"line":98,"column":5}},"44":{"start":{"line":97,"column":6},"end":{"line":97,"column":86}},"45":{"start":{"line":100,"column":4},"end":{"line":100,"column":58}}},"fnMap":{"0":{"name":"(anonymous_0)","decl":{"start":{"line":4,"column":22},"end":{"line":4,"column":23}},"loc":{"start":{"line":4,"column":45},"end":{"line":19,"column":1}},"line":4},"1":{"name":"(anonymous_1)","decl":{"start":{"line":21,"column":26},"end":{"line":21,"column":27}},"loc":{"start":{"line":21,"column":43},"end":{"line":39,"column":1}},"line":21},"2":{"name":"(anonymous_2)","decl":{"start":{"line":41,"column":20},"end":{"line":41,"column":21}},"loc":{"start":{"line":41,"column":40},"end":{"line":63,"column":1}},"line":41},"3":{"name":"(anonymous_3)","decl":{"start":{"line":65,"column":19},"end":{"line":65,"column":20}},"loc":{"start":{"line":65,"column":39},"end":{"line":87,"column":1}},"line":65},"4":{"name":"(anonymous_4)","decl":{"start":{"line":89,"column":26},"end":{"line":89,"column":27}},"loc":{"start":{"line":89,"column":40},"end":{"line":102,"column":1}},"line":89}},"branchMap":{"0":{"loc":{"start":{"line":6,"column":21},"end":{"line":6,"column":38}},"type":"binary-expr","locations":[{"start":{"line":6,"column":21},"end":{"line":6,"column":32}},{"start":{"line":6,"column":36},"end":{"line":6,"column":38}}],"line":6},"1":{"loc":{"start":{"line":9,"column":4},"end":{"line":11,"column":5}},"type":"if","locations":[{"start":{"line":9,"column":4},"end":{"line":11,"column":5}},{"start":{},"end":{}}],"line":9},"2":{"loc":{"start":{"line":23,"column":22},"end":{"line":23,"column":33}},"type":"binary-expr","locations":[{"start":{"line":23,"column":22},"end":{"line":23,"column":27}},{"start":{"line":23,"column":31},"end":{"line":23,"column":33}}],"line":23},"3":{"loc":{"start":{"line":26,"column":4},"end":{"line":28,"column":5}},"type":"if","locations":[{"start":{"line":26,"column":4},"end":{"line":28,"column":5}},{"start":{},"end":{}}],"line":26},"4":{"loc":{"start":{"line":31,"column":4},"end":{"line":33,"column":5}},"type":"if","locations":[{"start":{"line":31,"column":4},"end":{"line":33,"column":5}},{"start":{},"end":{}}],"line":31},"5":{"loc":{"start":{"line":54,"column":4},"end":{"line":56,"column":5}},"type":"if","locations":[{"start":{"line":54,"column":4},"end":{"line":56,"column":5}},{"start":{},"end":{}}],"line":54},"6":{"loc":{"start":{"line":78,"column":4},"end":{"line":80,"column":5}},"type":"if","locations":[{"start":{"line":78,"column":4},"end":{"line":80,"column":5}},{"start":{},"end":{}}],"line":78},"7":{"loc":{"start":{"line":96,"column":4},"end":{"line":98,"column":5}},"type":"if","locations":[{"start":{"line":96,"column":4},"end":{"line":98,"column":5}},{"start":{},"end":{}}],"line":96}},"s":{"0":12,"1":12,"2":12,"3":4,"4":4,"5":4,"6":3,"7":1,"8":2,"9":2,"10":2,"11":12,"12":4,"13":4,"14":4,"15":3,"16":1,"17":2,"18":2,"19":1,"20":1,"21":2,"22":12,"23":3,"24":3,"25":3,"26":2,"27":1,"28":1,"29":1,"30":2,"31":12,"32":3,"33":3,"34":3,"35":2,"36":1,"37":1,"38":1,"39":2,"40":12,"41":3,"42":3,"43":2,"44":1,"45":2},"f":{"0":4,"1":4,"2":3,"3":3,"4":3},"b":{"0":[4,3],"1":[1,2],"2":[4,1],"3":[1,2],"4":[1,1],"5":[1,1],"6":[1,1],"7":[1,1]},"_coverageSchema":"1a1c01bbd47fc00a2c39e90264f33305004495a9","hash":"0bfc8eb2a1ad6c2edc9e624699608c7435287dad"}
,"C:\\Users\\pgliszcz\\OneDrive - Automatic Data Processing Inc\\Dokumenty\\graduate-program\\frontend-react-app\\react\\src\\utils\\Validator.js": {"path":"C:\\Users\\pgliszcz\\OneDrive - Automatic Data Processing Inc\\Dokumenty\\graduate-program\\frontend-react-app\\react\\src\\utils\\Validator.js","statementMap":{"0":{"start":{"line":2,"column":27},"end":{"line":5,"column":1}},"1":{"start":{"line":3,"column":21},"end":{"line":3,"column":28}},"2":{"start":{"line":4,"column":2},"end":{"line":4,"column":44}},"3":{"start":{"line":7,"column":28},"end":{"line":10,"column":1}},"4":{"start":{"line":8,"column":21},"end":{"line":8,"column":35}},"5":{"start":{"line":9,"column":2},"end":{"line":9,"column":32}}},"fnMap":{"0":{"name":"(anonymous_0)","decl":{"start":{"line":2,"column":27},"end":{"line":2,"column":28}},"loc":{"start":{"line":2,"column":37},"end":{"line":5,"column":1}},"line":2},"1":{"name":"(anonymous_1)","decl":{"start":{"line":7,"column":28},"end":{"line":7,"column":29}},"loc":{"start":{"line":7,"column":39},"end":{"line":10,"column":1}},"line":7}},"branchMap":{"0":{"loc":{"start":{"line":4,"column":10},"end":{"line":4,"column":42}},"type":"binary-expr","locations":[{"start":{"line":4,"column":10},"end":{"line":4,"column":16}},{"start":{"line":4,"column":20},"end":{"line":4,"column":42}}],"line":4}},"s":{"0":4,"1":30,"2":30,"3":4,"4":15,"5":15},"f":{"0":30,"1":15},"b":{"0":[30,15]},"_coverageSchema":"1a1c01bbd47fc00a2c39e90264f33305004495a9","hash":"ca8599921d1daa96d899e6be0e17bb3c5998faf2"}
}
