TN:
SF:src\components\AddUpdateForm.jsx
FN:8,(anonymous_0)
FN:13,(anonymous_1)
FN:22,(anonymous_2)
FN:31,(anonymous_3)
FN:39,(anonymous_4)
FN:46,(anonymous_5)
FNF:6
FNH:6
FNDA:10,(anonymous_0)
FNDA:3,(anonymous_1)
FNDA:6,(anonymous_2)
FNDA:1,(anonymous_3)
FNDA:1,(anonymous_4)
FNDA:1,(anonymous_5)
DA:8,2
DA:10,10
DA:11,10
DA:13,10
DA:14,3
DA:22,10
DA:23,6
DA:26,10
DA:31,1
DA:39,1
DA:46,1
LF:11
LH:11
BRDA:35,0,0,6
BRDA:35,0,1,4
BRDA:43,1,0,4
BRDA:43,1,1,6
BRDA:50,2,0,3
BRDA:50,2,1,7
BRF:6
BRH:6
end_of_record
TN:
SF:src\components\AddUpdateFormTitle.jsx
FN:5,(anonymous_0)
FN:9,(anonymous_1)
FNF:2
FNH:2
FNDA:11,(anonymous_0)
FNDA:11,(anonymous_1)
DA:5,3
DA:7,11
DA:9,11
DA:10,11
DA:13,11
LF:5
LH:5
BRDA:10,0,0,3
BRDA:10,0,1,8
BRF:2
BRH:2
end_of_record
TN:
SF:src\components\CustomerList.jsx
FN:7,(anonymous_0)
FNF:1
FNH:1
FNDA:4,(anonymous_0)
DA:7,1
DA:8,4
LF:2
LH:2
BRF:0
BRH:0
end_of_record
TN:
SF:src\components\CustomerListTitle.jsx
FN:4,(anonymous_0)
FNF:1
FNH:1
FNDA:5,(anonymous_0)
DA:4,2
DA:5,5
LF:2
LH:2
BRF:0
BRH:0
end_of_record
TN:
SF:src\components\CustomerTable.jsx
FN:6,(anonymous_0)
FN:11,(anonymous_1)
FN:19,(anonymous_2)
FN:26,(anonymous_3)
FN:41,(anonymous_4)
FN:42,(anonymous_5)
FNF:6
FNH:6
FNDA:10,(anonymous_0)
FNDA:4,(anonymous_1)
FNDA:10,(anonymous_2)
FNDA:10,(anonymous_3)
FNDA:10,(anonymous_4)
FNDA:4,(anonymous_5)
DA:6,2
DA:8,10
DA:9,10
DA:11,10
DA:12,4
DA:13,1
DA:14,1
DA:16,3
DA:19,10
DA:20,10
DA:21,8
DA:23,2
DA:26,10
DA:27,10
DA:30,10
DA:42,10
LF:16
LH:16
BRDA:12,0,0,1
BRDA:12,0,1,3
BRDA:20,1,0,8
BRDA:20,1,1,2
BRF:4
BRH:4
end_of_record
TN:
SF:src\components\FormButtons.jsx
FN:8,(anonymous_0)
FN:15,(anonymous_1)
FN:21,(anonymous_2)
FN:29,(anonymous_3)
FN:49,(anonymous_4)
FNF:5
FNH:5
FNDA:17,(anonymous_0)
FNDA:3,(anonymous_1)
FNDA:2,(anonymous_2)
FNDA:3,(anonymous_3)
FNDA:3,(anonymous_4)
DA:8,3
DA:10,17
DA:11,17
DA:12,17
DA:13,17
DA:15,17
DA:16,3
DA:21,17
DA:22,2
DA:23,1
DA:24,1
DA:25,1
DA:29,17
DA:30,3
DA:31,1
DA:34,2
DA:35,1
DA:36,1
DA:38,1
DA:39,1
DA:40,1
DA:41,1
DA:44,1
DA:45,1
DA:46,1
DA:49,17
DA:50,3
DA:51,2
DA:53,3
DA:56,17
LF:30
LH:30
BRDA:16,0,0,3
BRDA:16,0,1,2
BRDA:16,0,2,2
BRDA:22,1,0,1
BRDA:22,1,1,1
BRDA:30,2,0,1
BRDA:30,2,1,2
BRDA:34,3,0,1
BRDA:34,3,1,1
BRDA:50,4,0,2
BRDA:50,4,1,1
BRF:11
BRH:11
end_of_record
TN:
SF:src\components\Heading.jsx
FN:7,(anonymous_0)
FN:12,(anonymous_1)
FN:16,(anonymous_2)
FNF:3
FNH:3
FNDA:4,(anonymous_0)
FNDA:4,(anonymous_1)
FNDA:4,(anonymous_2)
DA:7,1
DA:9,4
DA:10,4
DA:12,4
DA:13,4
DA:16,4
DA:17,4
DA:22,4
LF:8
LH:8
BRDA:13,0,0,3
BRDA:13,0,1,1
BRDA:17,1,0,3
BRDA:17,1,1,1
BRF:4
BRH:4
end_of_record
TN:
SF:src\components\LoginForm.jsx
FN:6,(anonymous_0)
FN:14,(anonymous_1)
FN:19,(anonymous_2)
FN:30,(anonymous_3)
FN:49,(anonymous_4)
FN:53,(anonymous_5)
FNF:6
FNH:6
FNDA:14,(anonymous_0)
FNDA:3,(anonymous_1)
FNDA:8,(anonymous_2)
FNDA:6,(anonymous_3)
FNDA:4,(anonymous_4)
FNDA:4,(anonymous_5)
DA:6,2
DA:8,14
DA:9,14
DA:10,14
DA:11,14
DA:12,14
DA:14,14
DA:15,3
DA:16,3
DA:19,14
DA:20,8
DA:22,4
DA:23,4
DA:25,4
DA:26,4
DA:30,14
DA:31,6
DA:32,1
DA:35,5
DA:36,1
DA:37,1
DA:40,4
DA:43,14
DA:49,4
DA:53,4
LF:25
LH:25
BRDA:20,0,0,4
BRDA:20,0,1,4
BRDA:31,1,0,1
BRDA:31,1,1,5
BRDA:35,2,0,1
BRDA:35,2,1,4
BRF:6
BRH:6
end_of_record
TN:
SF:src\components\RequireAuth.jsx
FN:5,(anonymous_0)
FNF:1
FNH:1
FNDA:2,(anonymous_0)
DA:5,1
DA:6,2
DA:7,2
DA:9,2
DA:10,1
DA:15,1
LF:6
LH:6
BRDA:9,0,0,1
BRDA:9,0,1,1
BRF:2
BRH:2
end_of_record
TN:
SF:src\components\SearchBar.jsx
FN:5,(anonymous_0)
FN:9,(anonymous_1)
FNF:2
FNH:2
FNDA:6,(anonymous_0)
FNDA:1,(anonymous_1)
DA:5,2
DA:7,6
DA:9,6
DA:10,1
DA:13,6
LF:5
LH:5
BRF:0
BRH:0
end_of_record
TN:
SF:src\components\hooks\AuthContext.jsx
FN:6,(anonymous_0)
FN:9,(anonymous_1)
FN:19,(anonymous_2)
FN:30,(anonymous_3)
FNF:4
FNH:4
FNDA:7,(anonymous_0)
FNDA:5,(anonymous_1)
FNDA:1,(anonymous_2)
FNDA:7,(anonymous_3)
DA:4,4
DA:6,4
DA:7,7
DA:9,7
DA:10,5
DA:12,5
DA:13,2
DA:15,3
DA:19,7
DA:20,1
DA:23,7
DA:30,7
LF:12
LH:12
BRDA:12,0,0,2
BRDA:12,0,1,3
BRF:2
BRH:2
end_of_record
TN:
SF:src\components\hooks\CustomerContext.jsx
FN:12,(anonymous_0)
FN:23,(anonymous_1)
FNF:2
FNH:2
FNDA:9,(anonymous_0)
FNDA:8,(anonymous_1)
DA:3,8
DA:10,8
DA:12,8
DA:13,9
DA:14,9
DA:16,9
DA:23,8
LF:7
LH:7
BRF:0
BRH:0
end_of_record
TN:
SF:src\components\hooks\DataProviderContext.jsx
FN:6,(anonymous_0)
FN:9,(anonymous_1)
FN:10,(anonymous_2)
FN:13,(anonymous_3)
FN:19,(anonymous_4)
FN:25,(anonymous_5)
FN:40,(anonymous_6)
FNF:7
FNH:7
FNDA:12,(anonymous_0)
FNDA:6,(anonymous_1)
FNDA:6,(anonymous_2)
FNDA:1,(anonymous_3)
FNDA:1,(anonymous_4)
FNDA:1,(anonymous_5)
FNDA:13,(anonymous_6)
DA:4,7
DA:6,7
DA:7,12
DA:9,12
DA:10,6
DA:13,12
DA:14,1
DA:15,1
DA:16,1
DA:19,12
DA:20,1
DA:21,1
DA:22,1
DA:25,12
DA:26,1
DA:27,1
DA:28,1
DA:31,12
DA:40,13
LF:19
LH:19
BRF:0
BRH:0
end_of_record
TN:
SF:src\rest\restdb.js
FN:4,(anonymous_0)
FN:21,(anonymous_1)
FN:41,(anonymous_2)
FN:65,(anonymous_3)
FN:89,(anonymous_4)
FNF:5
FNH:5
FNDA:4,(anonymous_0)
FNDA:4,(anonymous_1)
FNDA:3,(anonymous_2)
FNDA:3,(anonymous_3)
FNDA:3,(anonymous_4)
DA:1,12
DA:2,12
DA:4,12
DA:5,4
DA:6,4
DA:7,4
DA:9,3
DA:10,1
DA:13,2
DA:14,2
DA:17,2
DA:21,12
DA:22,4
DA:23,4
DA:24,4
DA:26,3
DA:27,1
DA:30,2
DA:31,2
DA:32,1
DA:34,1
DA:37,2
DA:41,12
DA:42,3
DA:43,3
DA:45,3
DA:54,2
DA:55,1
DA:58,1
DA:59,1
DA:61,2
DA:65,12
DA:66,3
DA:67,3
DA:69,3
DA:78,2
DA:79,1
DA:82,1
DA:83,1
DA:85,2
DA:89,12
DA:90,3
DA:91,3
DA:96,2
DA:97,1
DA:100,2
LF:46
LH:46
BRDA:6,0,0,4
BRDA:6,0,1,3
BRDA:9,1,0,1
BRDA:9,1,1,2
BRDA:23,2,0,4
BRDA:23,2,1,1
BRDA:26,3,0,1
BRDA:26,3,1,2
BRDA:31,4,0,1
BRDA:31,4,1,1
BRDA:54,5,0,1
BRDA:54,5,1,1
BRDA:78,6,0,1
BRDA:78,6,1,1
BRDA:96,7,0,1
BRDA:96,7,1,1
BRF:16
BRH:16
end_of_record
TN:
SF:src\utils\Validator.js
FN:2,(anonymous_0)
FN:7,(anonymous_1)
FNF:2
FNH:2
FNDA:30,(anonymous_0)
FNDA:15,(anonymous_1)
DA:2,4
DA:3,30
DA:4,30
DA:7,4
DA:8,15
DA:9,15
LF:6
LH:6
BRDA:4,0,0,30
BRDA:4,0,1,15
BRF:2
BRH:2
end_of_record
